<?xml version="1.0" encoding="UTF-8"?>
<!-- Generated by org.testng.reporters.JUnitReportReporter -->
<testsuite hostname="Karubid-Design" failures="0" tests="1" name="testcases.loginRunnerfunctionality" time="15.217" errors="0" timestamp="2022-12-13T22:07:54 BDT" skipped="0">
  <testcase classname="testcases.loginRunnerfunctionality" name="userLogin" time="15.217"/>
</testsuite> <!-- testcases.loginRunnerfunctionality -->
