<?xml version="1.0" encoding="UTF-8"?>
<!-- Generated by org.testng.reporters.JUnitReportReporter -->
<testsuite hostname="Karubid-Design" failures="0" tests="5" name="testcases.loginKeywords" time="16.715" errors="0" timestamp="2022-12-13T13:47:10 BDT" skipped="0">
  <testcase classname="testcases.loginKeywords" name="loadAUT" time="10.364"/>
  <testcase classname="testcases.loginKeywords" name="loginTitlevalidate" time="2.026"/>
  <testcase classname="testcases.loginKeywords" name="loginFunctionality" time="2.454"/>
  <testcase classname="testcases.loginKeywords" name="afterloginTitlevalidate" time="0.029"/>
  <testcase classname="testcases.loginKeywords" name="logoutFunctionality" time="1.842"/>
</testsuite> <!-- testcases.loginKeywords -->
